<?xml version="1.0" encoding="UTF-8"?>
<testsuite name="com.letzautomate.tests.Test001" tests="1" skipped="0" failures="0" errors="0" timestamp="2019-12-29T19:25:40" hostname="DESKTOP-OHCHA70" time="6.454">
  <properties/>
  <testcase name="test001" classname="com.letzautomate.tests.Test001" time="6.454"/>
  <system-out><![CDATA[[TestNG-test=Gradle test-1] INFO  com.letzautomate.utilities.TestcaseManager  - ---Execution is started for testcase Login Functionality is started----
[TestNG-test=Gradle test-2] INFO  com.letzautomate.pages.generic.BasePage  - Before Enter Text
[TestNG-test=Gradle test-1] INFO  com.letzautomate.pages.generic.BasePage  - Before Enter Text
[TestNG-test=Gradle test-2] INFO  com.letzautomate.pages.generic.BasePage  - After Enter Text
test
[TestNG-test=Gradle test-2] INFO  com.letzautomate.pages.generic.BasePage  - Before Random String creation
[TestNG-test=Gradle test-2] INFO  com.letzautomate.pages.generic.BasePage  - After Random String creation :: ROyB9
[TestNG-test=Gradle test-1] INFO  com.letzautomate.pages.generic.BasePage  - After Enter Text
test
[TestNG-test=Gradle test-1] INFO  com.letzautomate.pages.generic.BasePage  - Before Random String creation
[TestNG-test=Gradle test-1] INFO  com.letzautomate.pages.generic.BasePage  - After Random String creation :: azdOf
[TestNG-test=Gradle test-2] INFO  com.letzautomate.utilities.ExtentManager  - Screenshot destination :: E:\LetsDoIT\gradle-testng-selenium-extentreports\build\extent-reports\TestsScreenshots\PASS_ROyB9_201912301255430565.png
]]></system-out>
  <system-err><![CDATA[]]></system-err>
</testsuite>
