<?xml version="1.0" encoding="UTF-8"?>
<testsuite name="com.letzautomate.tests.Test001" tests="1" skipped="0" failures="0" errors="0" timestamp="2021-02-05T09:14:01" hostname="DESKTOP-O4501MA" time="3.033">
  <properties/>
  <testcase name="test001" classname="com.letzautomate.tests.Test001" time="3.033"/>
  <system-out><![CDATA[[TestNG-test=Gradle test-1] INFO  com.letzautomate.utilities.TestcaseManager  - ---Execution is started for testcase Login Functionality is started----
[TestNG-test=Gradle test-2] INFO  com.letzautomate.pages.generic.BasePage  - Before Enter Text
[TestNG-test=Gradle test-2] INFO  com.letzautomate.pages.generic.BasePage  - After Enter Text
test
[TestNG-test=Gradle test-2] INFO  com.letzautomate.pages.generic.BasePage  - Before Random String creation
[TestNG-test=Gradle test-2] INFO  com.letzautomate.pages.generic.BasePage  - After Random String creation :: xCliF
[TestNG-test=Gradle test-1] INFO  com.letzautomate.pages.generic.BasePage  - Before Enter Text
[TestNG-test=Gradle test-1] INFO  com.letzautomate.pages.generic.BasePage  - After Enter Text
test
[TestNG-test=Gradle test-1] INFO  com.letzautomate.pages.generic.BasePage  - Before Random String creation
[TestNG-test=Gradle test-1] INFO  com.letzautomate.pages.generic.BasePage  - After Random String creation :: EO00v
[TestNG-test=Gradle test-2] INFO  com.letzautomate.utilities.ExtentManager  - Screenshot destination :: C:\gradle-testng-selenium-extentreports\build\extent-reports\TestsScreenshots\PASS_xCliF_202102050244030520.png
]]></system-out>
  <system-err><![CDATA[]]></system-err>
</testsuite>
