<?xml version="1.0" encoding="UTF-8"?>
<testsuite name="com.letzautomate.tests.Test002" tests="1" skipped="0" failures="0" errors="0" timestamp="2019-12-29T05:48:57" hostname="DESKTOP-OHCHA70" time="9.168">
  <properties/>
  <testcase name="test002" classname="com.letzautomate.tests.Test002" time="9.168"/>
  <system-out><![CDATA[]]></system-out>
  <system-err><![CDATA[]]></system-err>
</testsuite>
